ispLEVER Auto-Make Log File
---------------------------

Updating: JEDEC File
Start to record tcl script...
Finished recording TCL script.

Starting: 'C:\ispLEVER_Classic1_7\ispcpld\BIN\Synpwrap.exe -rem -e lab12_top -target ispmach4000b -pro '

Copyright (c) 1991-2010 Lattice Semiconductor Corporation,  All rights reserved.
Version : 1.7.00.05.28.13

Done sucessfully with exit code 0.
#Build: Synplify Pro G-2012.09LC-SP1 , Build 035R, Mar 19 2013
#install: C:\ispLEVER_Classic1_7\synpbase
#OS: Windows 7 6.1
#Hostname: EE65PC02

#Implementation: lab12

$ Start of Compile
#Wed Apr 11 09:43:52 2018

Synopsys Verilog Compiler, version comp201209rcp1, Build 283R, built Mar 19 2013
@N|Running in 64-bit mode
Copyright (C) 1994-2012 Synopsys, Inc. This software the associated documentation are confidential and proprietary to Synopsys, Inc. Your use or disclosure of this software subject to the terms and conditions of a written license agreement between you, or your company, and Synopsys, Inc.

@I::"C:\ispLEVER_Classic1_7\synpbase\lib\vlog\umr_capim.v"
@I::"C:\ispLEVER_Classic1_7\synpbase\lib\vlog\scemi_objects.v"
@I::"C:\ispLEVER_Classic1_7\synpbase\lib\vlog\scemi_pipes.svh"
@I::"C:\ispLEVER_Classic1_7\synpbase\lib\vlog\hypermods.v"
@I::"C:\ispLEVER_Classic1_7\ispcpld\..\cae_library\synthesis\verilog\mach.v"
@I::"W:\lab12\lab12.h"
@I::"W:\lab12\cla4.v"
@I::"W:\lab12\k.v"
@I::"W:\lab12\lab12.v"
Verilog syntax check successful!
Options changed - recompiling
Selecting top level module lab12_top
@N: CG364 :"C:\ispLEVER_Classic1_7\ispcpld\..\cae_library\synthesis\verilog\mach.v":417:7:417:14|Synthesizing module OSCTIMER

@N: CG364 :"W:\lab12\lab12.v":347:7:347:12|Synthesizing module button

@N: CG364 :"W:\lab12\k.v":1:7:1:10|Synthesizing module LFSR

@N: CG364 :"W:\lab12\cla4.v":1:7:1:10|Synthesizing module cla4

@N: CG364 :"W:\lab12\lab12.v":1:7:1:15|Synthesizing module lab12_top

@W: CG296 :"W:\lab12\lab12.v":117:8:117:10|Incomplete sensitivity list - assuming completeness
@W: CG290 :"W:\lab12\lab12.v":118:15:118:21|Referenced variable temp_TR is not in sensitivity list
@W: CG290 :"W:\lab12\lab12.v":129:9:129:12|Referenced variable XEQY is not in sensitivity list
@W: CG290 :"W:\lab12\lab12.v":124:4:124:6|Referenced variable XGY is not in sensitivity list
@W: CG290 :"W:\lab12\lab12.v":134:10:134:12|Referenced variable XLY is not in sensitivity list
@W: CG296 :"W:\lab12\lab12.v":157:8:157:11|Incomplete sensitivity list - assuming completeness
@W: CG290 :"W:\lab12\lab12.v":158:4:158:6|Referenced variable DIP is not in sensitivity list
@W: CG290 :"W:\lab12\lab12.v":159:17:159:23|Referenced variable temp_MR is not in sensitivity list
@W: CG133 :"W:\lab12\lab12.v":28:10:28:15|No assignment to BOTRED
@W: CG360 :"W:\lab12\lab12.v":35:11:35:15|No assignment to wire wDIS3

@W: CG133 :"W:\lab12\lab12.v":37:4:37:15|No assignment to JUMBO_unused
@W: CG133 :"W:\lab12\lab12.v":38:4:38:15|No assignment to LED_YELLOW_L
@W: CG133 :"W:\lab12\lab12.v":38:18:38:29|No assignment to LED_YELLOW_R
@W: CL207 :"W:\lab12\lab12.v":158:1:158:2|All reachable assignments to MIDRED[7] assign 0, register removed by optimization.
@W: CL207 :"W:\lab12\lab12.v":158:1:158:2|All reachable assignments to MIDRED[6] assign 0, register removed by optimization.
@W: CL207 :"W:\lab12\lab12.v":158:1:158:2|All reachable assignments to MIDRED[5] assign 0, register removed by optimization.
@W: CL207 :"W:\lab12\lab12.v":158:1:158:2|All reachable assignments to MIDRED[4] assign 0, register removed by optimization.
@N: CL201 :"W:\lab12\lab12.v":317:0:317:5|Trying to extract state machine for register R
Extracted state machine for register R
State machine has 15 reachable states with original encodings of:
   0000
   0001
   0010
   0011
   0100
   0101
   0110
   0111
   1000
   1001
   1010
   1011
   1100
   1101
   1110
@W: CL246 :"W:\lab12\lab12.v":1:18:1:20|Input port bits 6 to 4 of DIP[7:0] are unused

@A: CL153 :"W:\lab12\lab12.v":28:10:28:15|*Unassigned bits of BOTRED[7:0] are referenced and tied to 0 -- simulation mismatch possible.
@A: CL153 :"W:\lab12\lab12.v":37:4:37:15|*Unassigned bits of JUMBO_unused are referenced and tied to 0 -- simulation mismatch possible.
@A: CL153 :"W:\lab12\lab12.v":38:4:38:15|*Unassigned bits of LED_YELLOW_L are referenced and tied to 0 -- simulation mismatch possible.
@A: CL153 :"W:\lab12\lab12.v":38:18:38:29|*Unassigned bits of LED_YELLOW_R are referenced and tied to 0 -- simulation mismatch possible.
@W: CL156 :"W:\lab12\lab12.v":35:11:35:15|*Input wDIS3[6:0] to expression [mux] has undriven bits that are tied to 0 -- simulation mismatch possible.
@END
Process took 0h:00m:01s realtime, 0h:00m:01s cputime
# Wed Apr 11 09:43:52 2018

###########################################################]
Map & Optimize Report

Synopsys CPLD Technology Mapper, Version maplat, Build 621R, Built Mar 19 2013
Copyright (C) 1994-2012, Synopsys Inc. This software the associated documentation are confidential and proprietary to Synopsys, Inc. Your use or disclosure of this software subject to the terms and conditions of a written license agreement between you, or your company, and Synopsys, Inc.
Product Version G-2012.09LC-SP1 
@N: MF248 |Running in 64-bit mode.
Encoding state machine R[14:0] (view:work.lab12_top(verilog))
original code -> new code
   0000 -> 000000000000001
   0001 -> 000000000000010
   0010 -> 000000000000100
   0011 -> 000000000001000
   0100 -> 000000000010000
   0101 -> 000000000100000
   0110 -> 000000001000000
   0111 -> 000000010000000
   1000 -> 000000100000000
   1001 -> 000001000000000
   1010 -> 000010000000000
   1011 -> 000100000000000
   1100 -> 001000000000000
   1101 -> 010000000000000
   1110 -> 100000000000000
@N: MO106 :"w:\lab12\lab12.v":238:2:247:32|Found ROM, 'wDIS2[6:0]', 10 words by 7 bits 
@N: MO106 :"w:\lab12\lab12.v":226:2:235:32|Found ROM, 'wDIS1[6:0]', 10 words by 7 bits 
---------------------------------------
Resource Usage Report

Simple gate primitives:
OSCTIMER        1 use
DFFRH           49 uses
DFFCRH          8 uses
DFFSH           2 uses
DFF             2 uses
DFFRS           2 uses
IBUF            9 uses
OBUF            58 uses
XOR2            31 uses
AND2            292 uses
INV             229 uses
OR2             33 uses


@N: FC100 |Timing Report not generated for this device, please use place and route tools for timing analysis.
G-2012.09LC-SP1 
Mapper successful!

At Mapper Exit (Real Time elapsed 0h:00m:00s; CPU Time elapsed 0h:00m:00s; Memory used current: 32MB peak: 97MB)

Process took 0h:00m:01s realtime, 0h:00m:01s cputime
# Wed Apr 11 09:43:54 2018

###########################################################]

Synplicity VHDL/Verilog HDL Synthesizer finished successfully

Done: completed successfully.

Starting: 'C:\ispLEVER_Classic1_7\ispcpld\BIN\edif2blf.exe -edf lab12_top.edi -out lab12_top.bl0 -err automake.err -log lab12_top.log -prj lab12 -lib "C:\ispLEVER_Classic1_7\ispcpld/dat/mach.edn" -net_Vcc VCC -net_GND GND -nbx -dse -tlw -cvt YES -xor'

Starting EDIF2BLIF....
readEDIF ended normally.

Inspect circuit lab12_top
    Number of input ports   : 5
    Number of output ports  : 9
    Number of bidir ports   : 0
    Number of instances     : 728
    Number of nets          : 740

No design errors found in circuit lab12_top

WriteBLIF ended normally.

Done: completed successfully.

Starting: 'C:\ispLEVER_Classic1_7\ispcpld\BIN\mblifopt.exe lab12_top.bl0 -collapse none -reduce none -err automake.err -gui -keepwires'

BLIFOPT  Open-ABEL Optimizer 
U.C. Berkeley, SIS Ver. 1.0, supported by Lattice Semiconductor
ispLEVER Classic 1.7 Copyright 1992-2013 Lattice Semiconductor. All Rights Reserved.
Reading Open-ABEL 2 file lab12_top.bl0...
Writing Open-ABEL 2 (BLIF) file lab12_top.bl1...
Note    0: 
BLIFOPT complete - Time 0 seconds
Done: completed successfully.

Starting: 'C:\ispLEVER_Classic1_7\ispcpld\BIN\mblflink.exe "lab12_top.bl1" -o "lab12.bl2" -omod "lab12" -gui -err "automake.err"'

BLIFLINK  Top-Down Design Linker
ispLEVER Classic 1.7 Copyright 1992-2013 Lattice Semiconductor. All Rights Reserved.

Top-level file: 'lab12_top.bl1'
	Referring to External Module 'OSCTIMER'.

Hierarchical BLIF: 'lab12.bl2'

BLIFLINK complete.  Time: 1 second 
Done: completed successfully.

Starting: 'C:\ispLEVER_Classic1_7\ispcpld\BIN\impsrc.exe -gui -prj lab12 -lci lab12.lct -log lab12.imp -err automake.err -tti lab12.bl2 -dir w:\lab12'

Source constraints were successfully imported to the current project.
Done: completed successfully.

Starting: 'C:\ispLEVER_Classic1_7\ispcpld\BIN\abelvci.exe -vci lab12.lct -blifopt lab12.b2_'

Done: completed successfully.

Starting: 'C:\ispLEVER_Classic1_7\ispcpld\BIN\mblifopt.exe lab12.bl2 -sweep -mergefb -err automake.err -o lab12.bl3 @lab12.b2_ -gui'

BLIFOPT  Open-ABEL Optimizer 
U.C. Berkeley, SIS Ver. 1.0, supported by Lattice Semiconductor
ispLEVER Classic 1.7 Copyright 1992-2013 Lattice Semiconductor. All Rights Reserved.
Reading Open-ABEL 2 file lab12.bl2...
Merging feedbacks...
Note 13707: Node N_291_i is collapsed...
Note 13707: Node z_1_i_2__n is collapsed...
Note 13707: Node z_1_i_1__n is collapsed...
Note 13707: Node N_50_i is collapsed...
Note 13707: Node N_44_i is collapsed...
Note 13707: Node N_43_i is collapsed...
Note 13707: Node N_45_i is collapsed...
Note 13707: Node N_47_i is collapsed...
Note 13707: Node N_55_i is collapsed...
Note 13707: Node N_48_i is collapsed...
Note 13707: Node N_46_i is collapsed...
Note 13707: Node N_39_i is collapsed...
Note 13707: Node N_211 is collapsed...
Note 13707: Node step3_2_un35_c_n is collapsed...
Note 13707: Node N_210 is collapsed...
Note 13707: Node step3_total_6_i_1_ is collapsed...
Note 13707: Node step3_2_g_3__n is collapsed...
Note 13707: Node N_346 is collapsed...
Note 13707: Node N_429_0 is collapsed...
Note 13707: Node ndis_cnst_0__n is collapsed...
Note 13707: Node un1_count_1_0_2__n is collapsed...
Note 13707: Node N_348 is collapsed...
Note 13707: Node step3_2_P_2_ is collapsed...
Note 13707: Node N_349 is collapsed...
Note 13707: Node N_428_0 is collapsed...
Note 13707: Node N_213 is collapsed...
Note 13707: Node N_214 is collapsed...
Note 13707: Node N_391_0 is collapsed...
Note 13707: Node N_431_0 is collapsed...
Note 13707: Node N_212 is collapsed...
Note 13707: Node N_31_i is collapsed...
Note 13707: Node step3_2_g_1__n is collapsed...
Note 13707: Node N_223 is collapsed...
Note 13707: Node N_221 is collapsed...
Note 13707: Node N_278_0 is collapsed...
Note 13707: Node step3_2_g_2__n is collapsed...
Note 13707: Node N_25_i is collapsed...
Note 13707: Node step3_2_P_0_ is collapsed...
Note 13707: Node step3_2_un38_c_1_n is collapsed...
Note 13707: Node N_227 is collapsed...
Note 13707: Node nDIS_sn_N_2 is collapsed...
Note 13707: Node dip_4__n is collapsed...
Note 13707: Node N_292_i is collapsed...
Note 13707: Node N_291 is collapsed...
Note 13707: Node N_292 is collapsed...
Note 13707: Node N_201_i is collapsed...
Note 13707: Node dip_5__n is collapsed...
Note 13707: Node N_404 is collapsed...
Note 13707: Node dip_6__n is collapsed...
Note 13707: Node N_41_i is collapsed...
Note 13707: Node N_42_i is collapsed...
Note 13707: Node N_40_i is collapsed...
Note 13707: Node N_36_i is collapsed...
Note 13707: Node N_37_i is collapsed...
Note 13707: Node N_38_i is collapsed...
Note 13707: Node step3_total_6_7__un3_n is collapsed...
Note 13707: Node N_34_i is collapsed...
Note 13707: Node N_35_i is collapsed...
Note 13707: Node N_54_i is collapsed...
Note 13707: Node N_32_i is collapsed...
Note 13707: Node N_33_i is collapsed...
Note 13707: Node step3_total_6_6__un3_n is collapsed...
Note 13707: Node JUMBO_G_2_sqmuxa_i is collapsed...
Note 13707: Node JUMBO_G_0_sqmuxa_i is collapsed...
Note 13707: Node un1_wdis3_i_0__n is collapsed...
Note 13707: Node N_295_i is collapsed...
Note 13707: Node N_414_i is collapsed...
Note 13707: Node un1_wdis3_i_1__n is collapsed...
Note 13707: Node un1_wdis3_i_2__n is collapsed...
Note 13707: Node un1_wdis3_i_3__n is collapsed...
Note 13707: Node step3_total_6_5__un3_n is collapsed...
Note 13707: Node N_378_i is collapsed...
Note 13707: Node un1_wdis3_i_4__n is collapsed...
Note 13707: Node un1_wdis3_i_5__n is collapsed...
Note 13707: Node N_369_i is collapsed...
Note 13707: Node un1_wdis3_i_6__n is collapsed...
Note 13707: Node N_286_i is collapsed...
Note 13707: Node un1_wdis2_i_0__n is collapsed...
Note 13707: Node step3_2_c_1__n is collapsed...
Note 13707: Node step3_total_6_3__un3_n is collapsed...
Note 13707: Node step3_2_un42_c_i_n is collapsed...
Note 13707: Node step3_2_c_0__n is collapsed...
Note 13707: Node N_294_i is collapsed...
Note 13707: Node un1_wdis2_i_1__n is collapsed...
Note 13707: Node N_290_i is collapsed...
Note 13707: Node un1_wdis2_i_2__n is collapsed...
Note 13707: Node step3_2_un42_c_1_i_n is collapsed...
Note 13707: Node un1_wdis2_i_3__n is collapsed...
Note 13707: Node un1_wdis2_6__un3_n is collapsed...
Note 13707: Node N_289_i is collapsed...
Note 13707: Node un1_wdis2_i_4__n is collapsed...
Note 13707: Node N_338_i is collapsed...
Note 13707: Node step3_2_un47_c_1_i_n is collapsed...
Note 13707: Node un1_wdis2_i_5__n is collapsed...
Note 13707: Node un1_wdis2_i_6__n is collapsed...
Note 13707: Node N_337_i is collapsed...
Note 13707: Node un1_wdis1_i_0__n is collapsed...
Note 13707: Node un1_wdis2_1__un3_n is collapsed...
Note 13707: Node un1_wdis1_i_1__n is collapsed...
Note 13707: Node N_334_i is collapsed...
Note 13707: Node un1_wdis1_i_2__n is collapsed...
Note 13707: Node step3_2_un26_c_i_n is collapsed...
Note 13707: Node N_342_i is collapsed...
Note 13707: Node un1_wdis1_i_3__n is collapsed...
Note 13707: Node step3_2_un22_c_i_n is collapsed...
Note 13707: Node N_215_i is collapsed...
Note 13707: Node un1_wdis1_6__un3_n is collapsed...
Note 13707: Node un1_wdis1_i_4__n is collapsed...
Note 13707: Node N_216_i is collapsed...
Note 13707: Node un1_wdis1_i_5__n is collapsed...
Note 13707: Node N_339_i is collapsed...
Note 13707: Node un1_wdis1_i_6__n is collapsed...
Note 13707: Node N_340_i is collapsed...
Note 13707: Node midred_i_0__n is collapsed...
Note 13707: Node midred_i_1__n is collapsed...
Note 13707: Node un1_wdis1_4__un3_n is collapsed...
Note 13707: Node step3_2_un38_c_i_n is collapsed...
Note 13707: Node midred_i_2__n is collapsed...
Note 13707: Node midred_i_3__n is collapsed...
Note 13707: Node topred_i_0__n is collapsed...
Note 13707: Node N_288_i is collapsed...
Note 13707: Node topred_i_1__n is collapsed...
Note 13707: Node temp_mr_i_0__n is collapsed...
Note 13707: Node topred_i_2__n is collapsed...
Note 13707: Node un1_wdis1_1__un3_n is collapsed...
Note 13707: Node temp_mr_i_1__n is collapsed...
Note 13707: Node topred_i_4__n is collapsed...
Note 13707: Node N_220_i is collapsed...
Note 13707: Node topred_i_7__n is collapsed...
Note 13707: Node N_285_i is collapsed...
Note 13707: Node rdis4_i_1__n is collapsed...
Note 13707: Node temp_mr_i_2__n is collapsed...
Note 13707: Node N_283_i is collapsed...
Note 13707: Node ndis_0_6__un3_n is collapsed...
Note 13707: Node N_284_i is collapsed...
Note 13707: Node N_195 is collapsed...
Note 13707: Node N_333_i is collapsed...
Note 13707: Node un1_temp_TR_3_i is collapsed...
Note 13707: Node N_197 is collapsed...
Note 13707: Node temp_tr_i_4__n is collapsed...
Note 13707: Node un1_temp_TR_4_i is collapsed...
Note 13707: Node N_331_i is collapsed...
Note 13707: Node ndis_0_4__un3_n is collapsed...
Note 13707: Node N_332_i is collapsed...
Note 13707: Node step3_2_n_5_i_n is collapsed...
Note 13707: Node un5_c_i is collapsed...
Note 13707: Node step3_2_n_6_i_n is collapsed...
Note 13707: Node N_374_i is collapsed...
Note 13707: Node un2_c_i is collapsed...
Note 13707: Node N_343_i is collapsed...
Note 13707: Node dip_i_0__n is collapsed...
Note 13707: Node ndis_0_1__un3_n is collapsed...
Note 13707: Node dip_i_3__n is collapsed...
Note 13707: Node N_371_i is collapsed...
Note 13707: Node N_373_i is collapsed...
Note 13707: Node N_341_i is collapsed...
Note 13707: Node r_i_3__n is collapsed...
Note 13707: Node r_i_0__n is collapsed...
Note 13707: Node N_226_i is collapsed...
Note 13707: Node N_222_i is collapsed...
Note 13707: Node wdis4_1_3_0__un1_wdis2_5__un3_n is collapsed...
Note 13707: Node N_336_i is collapsed...
Note 13707: Node un2_total_i_i_2__n is collapsed...
Note 13707: Node rdis4_i_0__n is collapsed...
Note 13707: Node rdis4_i_3__n is collapsed...
Note 13707: Node rdis4_i_5__n is collapsed...
Note 13707: Node rdis4_i_6__n is collapsed...
Note 13707: Node dip_c_7__n is collapsed...
Note 13707: Node i_S1_NC_c is collapsed...
Note 13707: Node wdis4_1_3_0__ndis_0_5__un3_n is collapsed...
Note 13707: Node i_S1_NO_c is collapsed...
Note 13707: Node i_S2_NC_c is collapsed...
Note 13707: Node i_S2_NO_c is collapsed...
Note 13707: Node step3_ndis_0_0__un3_n is collapsed...
Note 13707: Node N_370 is collapsed...
Note 13707: Node step3_un1_wdis1_0__un3_n is collapsed...
Note 13707: Node N_4 is collapsed...
Note 13707: Node N_7 is collapsed...
Note 13707: Node N_427 is collapsed...
Note 13707: Node step3_ndis_0_3__un3_n is collapsed...
Note 13707: Node step3_ndis_0_2__un3_n is collapsed...
Note 13707: Node step3_un1_wdis2_0__un3_n is collapsed...
Note 13707: Node step3_un5_leftbit_n is collapsed...
Note 13707: Node wdis4_1_3_0__un1_wdis2_4__un3_n is collapsed...
Note 13707: Node wdis4_1_3_0__un1_wdis2_3__un3_n is collapsed...
Note 13707: Node N_280 is collapsed...
Note 13707: Node wdis4_1_3_0__un1_wdis2_2__un3_n is collapsed...
Note 13707: Node step3_total_6_2__un3_n is collapsed...
Note 13707: Node N_277 is collapsed...
Note 13707: Node N_328 is collapsed...
Note 13707: Node wdis4_1_3_0__un1_wdis1_5__un3_n is collapsed...
Note 13707: Node N_325 is collapsed...
Note 13707: Node wdis4_1_3_0__un1_wdis1_3__un3_n is collapsed...
Note 13707: Node wdis4_1_3_0__un1_wdis1_2__un3_n is collapsed...
Note 13707: Node temp_tr_7__n is collapsed...
Note 13707: Node topred_i_5__n is collapsed...
Note 13707: Node step3_2_c_2__n is collapsed...
Note 13707: Node topred_i_6__n is collapsed...
Note 13707: Node temp_tr_i_3_i_6__n is collapsed...
Note 13707: Node step3_2_p_i_i_1__n is collapsed...
Note 13707: Node dip_i_2__n is collapsed...
Note 13707: Node r_i_8__n is collapsed...
Note 13707: Node r_i_7__n is collapsed...
Note 13707: Node r_i_4__n is collapsed...
Note 13707: Node r_i_11__n is collapsed...
Note 13707: Node N_53_i is collapsed...
Note 13707: Node N_372 is collapsed...
Note 13707: Node N_379 is collapsed...
Note 13707: Node step3_2_P_3_ is collapsed...
Note 13707: Node wdis4_1_3_0__un1_wdis2_2__un1_n is collapsed...
Note 13707: Node wdis4_1_3_0__un1_wdis1_2__un0_n is collapsed...
Note 13707: Node un1_count_1_0_3__n is collapsed...
Note 13707: Node N_44 is collapsed...
Note 13707: Node wdis4_1_3_0__un1_wdis2_3__un0_n is collapsed...
Note 13707: Node N_284 is collapsed...
Note 13707: Node wdis4_1_3_0__un1_wdis2_3__un1_n is collapsed...
Note 13707: Node N_289 is collapsed...
Note 13707: Node step3_total_6_2__un1_n is collapsed...
Note 13707: Node N_283 is collapsed...
Note 13707: Node wdis4_1_3_0__un1_wdis2_4__un0_n is collapsed...
Note 13707: Node step3_G_246 is collapsed...
Note 13707: Node wdis4_1_3_0__un1_wdis2_4__un1_n is collapsed...
Note 13707: Node step3_G_244 is collapsed...
Note 13707: Node step3_2_un42_c_n is collapsed...
Note 13707: Node step3_G_242_i is collapsed...
Note 13707: Node step3_ndis_6__un0_n is collapsed...
Note 13707: Node step3_total_6_7__un0_n is collapsed...
Note 13707: Node un1_wdis4_i_4__n is collapsed...
Note 13707: Node un5_c is collapsed...
Note 13707: Node step3_ndis_6__un3_n is collapsed...
Note 13707: Node N_45 is collapsed...
Note 13707: Node step3_ndis_0_2__un0_n is collapsed...
Note 13707: Node un2_c is collapsed...
Note 13707: Node step3_ndis_0_2__un1_n is collapsed...
Note 13707: Node step3_total_6_2__un0_n is collapsed...
Note 13707: Node N_290 is collapsed...
Note 13707: Node step3_ndis_0_3__un0_n is collapsed...
Note 13707: Node N_427_0 is collapsed...
Note 13707: Node step3_ndis_0_3__un1_n is collapsed...
Note 13707: Node step3_2_un26_c_n is collapsed...
Note 13707: Node N_287 is collapsed...
Note 13707: Node step3_un1_wdis2_0__un1_n is collapsed...
Note 13707: Node step3_ndis_1__un0_n is collapsed...
Note 13707: Node N_288 is collapsed...
Note 13707: Node step3_2_un22_c_n is collapsed...
Note 13707: Node step3_un1_wdis2_0__un0_n is collapsed...
Note 13707: Node step3_ndis_1__un3_n is collapsed...
Note 13707: Node step3_un1_leftbit is collapsed...
Note 13707: Node N_46 is collapsed...
Note 13707: Node wdis4_1_3_0__un1_wdis1_3__un0_n is collapsed...
Note 13707: Node un1_wdis4_i_2__n is collapsed...
Note 13707: Node G_222_0_a2 is collapsed...
Note 13707: Node step3_ndis_2__un3_n is collapsed...
Note 13707: Node un1_temp_TR_3 is collapsed...
Note 13707: Node step3_total_6_6__un0_n is collapsed...
Note 13707: Node un1_temp_TR_4 is collapsed...
Note 13707: Node N_48 is collapsed...
Note 13707: Node N_391 is collapsed...
Note 13707: Node step3_ndis_3__un3_n is collapsed...
Note 13707: Node N_331 is collapsed...
Note 13707: Node step3_ndis_4__un0_n is collapsed...
Note 13707: Node N_378 is collapsed...
Note 13707: Node step3_2_G_190 is collapsed...
Note 13707: Node N_374 is collapsed...
Note 13707: Node step3_ndis_4__un3_n is collapsed...
Note 13707: Node N_373 is collapsed...
Note 13707: Node step3_ndis_5__un0_n is collapsed...
Note 13707: Node wdis4_1_3_0__un1_wdis2_2__un0_n is collapsed...
Note 13707: Node N_7_0 is collapsed...
Note 13707: Node N_371 is collapsed...
Note 13707: Node step3_ndis_5__un3_n is collapsed...
Note 13707: Node N_337 is collapsed...
Note 13707: Node step3_ndis_0_0__un0_n is collapsed...
Note 13707: Node N_341 is collapsed...
Note 13707: Node step3_ndis_0_0__un1_n is collapsed...
Note 13707: Node N_47 is collapsed...
Note 13707: Node N_336 is collapsed...
Note 13707: Node N_50 is collapsed...
Note 13707: Node N_4_0 is collapsed...
Note 13707: Node step3_ndis_0__un3_n is collapsed...
Note 13707: Node step3_2_S_1_1_3_ is collapsed...
Note 13707: Node step3_2_S_1_1_2_ is collapsed...
Note 13707: Node step3_un1_wdis1_0__un1_n is collapsed...
Note 13707: Node step3_2_S_1_1_1_ is collapsed...
Note 13707: Node N_373_1 is collapsed...
Note 13707: Node N_338 is collapsed...
Note 13707: Node G_222_0_a2_2 is collapsed...
Note 13707: Node G_222_0_a2_1 is collapsed...
Note 13707: Node step3_un1_wdis1_0__un0_n is collapsed...
Note 13707: Node G_223_2 is collapsed...
Note 13707: Node step3_total_6_5__un0_n is collapsed...
Note 13707: Node N_285 is collapsed...
Note 13707: Node N_339 is collapsed...
Note 13707: Node step3_un1_leftbit_1 is collapsed...
Note 13707: Node step3_G_201_0_a2_1 is collapsed...
Note 13707: Node N_340 is collapsed...
Note 13707: Node step3_G_206_1 is collapsed...
Note 13707: Node N_32_1 is collapsed...
Note 13707: Node step3_total_6_i_4_ is collapsed...
Note 13707: Node N_34_1 is collapsed...
Note 13707: Node N_37_1 is collapsed...
Note 13707: Node N_197_0 is collapsed...
Note 13707: Node N_39_1 is collapsed...
Note 13707: Node N_195_i is collapsed...
Note 13707: Node step3_total_6_3__un0_n is collapsed...
Note 13707: Node N_43_1 is collapsed...
Note 13707: Node wdis4_1_3_0__un1_wdis1_3__un1_n is collapsed...
Note 13707: Node N_4_0_1 is collapsed...
Note 13707: Node step3_total_6_3__un1_n is collapsed...
Note 13707: Node step3_2_c_0_0__n is collapsed...
Note 13707: Node N_7_0_1 is collapsed...
Note 13707: Node JUMBO_G_2_sqmuxa is collapsed...
Note 13707: Node un1_wdis4_i_1_2__n is collapsed...
Note 13707: Node un1_wdis2_6__un0_n is collapsed...
Note 13707: Node N_427_0_1 is collapsed...
Note 13707: Node step3_2_g_i_1__n is collapsed...
Note 13707: Node un1_wdis2_6__un1_n is collapsed...
Note 13707: Node N_336_1 is collapsed...
Note 13707: Node N_341_1 is collapsed...
Note 13707: Node JUMBO_G_2_sqmuxa_1 is collapsed...
Note 13707: Node un1_temp_TR_4_1 is collapsed...
Note 13707: Node step3_2_c_0_1__n is collapsed...
Note 13707: Node step3_un5_leftbit_0_1_n is collapsed...
Note 13707: Node N_42 is collapsed...
Note 13707: Node step3_2_un42_c_1_1_n is collapsed...
Note 13707: Node un1_wdis2_1__un0_n is collapsed...
Note 13707: Node temp_tr_0_3_7__n is collapsed...
Note 13707: Node N_41 is collapsed...
Note 13707: Node un1_wdis2_1__un1_n is collapsed...
Note 13707: Node N_220 is collapsed...
Note 13707: Node temp_tr_0_1_7__n is collapsed...
Note 13707: Node N_404_i is collapsed...
Note 13707: Node step3_2_g_i_2__n is collapsed...
Note 13707: Node N_40 is collapsed...
Note 13707: Node wDIS4_1_3_0__un1_wDIS4_i_x2_3_ is collapsed...
Note 13707: Node un1_wdis1_6__un0_n is collapsed...
Note 13707: Node un1_wdis1_6__un1_n is collapsed...
Note 13707: Node wdis4_1_3_0__ndis_0_5__un1_n is collapsed...
Note 13707: Node ndis_cnst_3_0__n is collapsed...
Note 13707: Node N_335 is collapsed...
Note 13707: Node JUMBO_G_0_sqmuxa is collapsed...
Note 13707: Node ndis_cnst_2_0__n is collapsed...
Note 13707: Node N_38 is collapsed...
Note 13707: Node ndis_cnst_1_0__n is collapsed...
Note 13707: Node un1_wdis1_4__un0_n is collapsed...
Note 13707: Node step3_2_g_i_3__n is collapsed...
Note 13707: Node wdis4_1_3_0__ndis_0_5__un0_n is collapsed...
Note 13707: Node N_36 is collapsed...
Note 13707: Node un1_wdis1_4__un1_n is collapsed...
Note 13707: Node un1_wdis1_1__un0_n is collapsed...
Note 13707: Node un1_wdis1_1__un1_n is collapsed...
Note 13707: Node N_211_2 is collapsed...
Note 13707: Node N_33 is collapsed...
Note 13707: Node N_333 is collapsed...
Note 13707: Node N_214_i is collapsed...
Note 13707: Node N_216_3 is collapsed...
Note 13707: Node N_347 is collapsed...
Note 13707: Node un1_wdis3_6__n is collapsed...
Note 13707: Node N_216_2 is collapsed...
Note 13707: Node N_213_i is collapsed...
Note 13707: Node un1_wdis3_5__n is collapsed...
Note 13707: Node N_216_1 is collapsed...
Note 13707: Node N_212_i is collapsed...
Note 13707: Node un1_wdis3_4__n is collapsed...
Note 13707: Node N_215_3 is collapsed...
Note 13707: Node ndis_0_6__un0_n is collapsed...
Note 13707: Node un1_wdis3_3__n is collapsed...
Note 13707: Node N_215_2 is collapsed...
Note 13707: Node N_210_i is collapsed...
Note 13707: Node un1_wdis3_2__n is collapsed...
Note 13707: Node N_215_1 is collapsed...
Note 13707: Node N_350 is collapsed...
Note 13707: Node un1_wdis3_1__n is collapsed...
Note 13707: Node N_171_i_2 is collapsed...
Note 13707: Node wdis4_1_3_0__un1_wdis1_2__un1_n is collapsed...
Note 13707: Node un1_wdis3_0__n is collapsed...
Note 13707: Node N_171_i_1 is collapsed...
Note 13707: Node midred_0__n is collapsed...
Note 13707: Node ndis_0_6__un1_n is collapsed...
Note 13707: Node N_288_1 is collapsed...
Note 13707: Node midred_1__n is collapsed...
Note 13707: Node un1_wdis2_5__n is collapsed...
Note 13707: Node N_268_i_1 is collapsed...
Note 13707: Node midred_2__n is collapsed...
Note 13707: Node midred_3__n is collapsed...
Note 13707: Node ndis_0_4__un0_n is collapsed...
Note 13707: Node N_332 is collapsed...
Note 13707: Node ndis_0_4__un1_n is collapsed...
Note 13707: Node N_286 is collapsed...
Note 13707: Node wdis4_1_3_0__un1_wdis1_5__un1_n is collapsed...
Note 13707: Node N_370_0 is collapsed...
Note 13707: Node N_316_i_1 is collapsed...
Note 13707: Node N_334 is collapsed...
Note 13707: Node ndis_0_1__un0_n is collapsed...
Note 13707: Node N_285_1 is collapsed...
Note 13707: Node ndis_0_1__un1_n is collapsed...
Note 13707: Node topred_1__n is collapsed...
Note 13707: Node topred_2__n is collapsed...
Note 13707: Node temp_tr_i_0__n is collapsed...
Note 13707: Node topred_4__n is collapsed...
Note 13707: Node N_333_1 is collapsed...
Note 13707: Node wdis4_1_3_0__un1_wdis2_5__un1_n is collapsed...
Note 13707: Node wdis4_1_3_0__un1_wdis2_5__un0_n is collapsed...
Note 13707: Node topred_7__n is collapsed...
Note 13707: Node wdis4_1_3_0__un1_wdis1_5__un0_n is collapsed...
Note 13707: Node c_0_3 is collapsed...
Note 13707: Node dip_c_3__n is collapsed...
Note 13707: Node dip_c_1__n is collapsed...
Note 13707: Node total_i_7__n is collapsed...
Note 13707: Node total_i_6__n is collapsed...
Note 13707: Node total_i_3__n is collapsed...
Note 13707: Node count_i_0__n is collapsed...
Note 13707: Node count_i_1__n is collapsed...
Note 13707: Node r_i_9__n is collapsed...
Note 13707: Node N_24 is collapsed...
Note 13707: Node r_i_14__n is collapsed...
Note 13707: Node dip_i_1__n is collapsed...
Note 13707: Node r_i_12__n is collapsed...
Note 13707: Node total_i_1__n is collapsed...
Note 13707: Node total_i_0__n is collapsed...
Note 13707: Node r_i_6__n is collapsed...
Note 13707: Node dip_c_2__n is collapsed...
Note 13707: Node un14_2__n is collapsed...
Note 13707: Node dip_c_0__n is collapsed...
Note 13707: Node total_i_4__n is collapsed...
Note 13707: Node total_i_2__n is collapsed...
Note 13707: Node temp_tr_i_5__n is collapsed...
Note 13707: Node total_i_5__n is collapsed...
Note 13707: Node r_i_5__n is collapsed...
Note 13707: Node r_i_13__n is collapsed...
Note 13707: Node r_i_10__n is collapsed...
Note 13707: Node step3_2_P_1_ is collapsed...
Note 13707: Node N_294 is collapsed...
Note 13707: Node step3_2_un47_c_2_n is collapsed...
Note 13707: Node topred_5__n is collapsed...
Note 13707: Node step3_2_VF is collapsed...
Note 13707: Node N_414 is collapsed...
Note 13707: Node N_363 is collapsed...
Note 13707: Node N_369 is collapsed...
Note 13707: Node N_342 is collapsed...
Note 13707: Node N_264_i is collapsed...
Note 13707: Node N_277_i is collapsed...
Note 13707: Node N_55 is collapsed...
Note 13707: Node N_343 is collapsed...
Note 13707: Node N_372_0 is collapsed...
Note 13707: Node N_324_i is collapsed...
Note 13707: Node N_318_i is collapsed...
Note 13707: Node N_54 is collapsed...
Note 13707: Node topred_6__n is collapsed...
Note 13707: Node vcc_n_n is collapsed...
Note 13707: Node count_i_2__n is collapsed...
Note 13707: Node N_429 is collapsed...
Note 13707: Node N_428 is collapsed...
Note 13707: Node topred_0__n is collapsed...
Note 13707: Node step3_ndis_2__un1_n is collapsed...
Note 13707: Node un1_wdis2_4__n is collapsed...
Note 13707: Node un1_wdis2_3__n is collapsed...
Note 13707: Node step3_ndis_5__un1_n is collapsed...
Note 13707: Node step3_total_6_6__un1_n is collapsed...
Note 13707: Node G_223 is collapsed...
Note 13707: Node un1_wdis2_6__n is collapsed...
Note 13707: Node un1_wdis1_4__n is collapsed...
Note 13707: Node r_ns_0_8__n is collapsed...
Note 13707: Node step3_total_6_5__un1_n is collapsed...
Note 13707: Node step3_un5_leftbit_0_n is collapsed...
Note 13707: Node N_351 is collapsed...
Note 13707: Node un1_wdis1_5__n is collapsed...
Note 13707: Node N_211_i is collapsed...
Note 13707: Node un1_wdis2_1__n is collapsed...
Note 13707: Node N_32 is collapsed...
Note 13707: Node un1_wdis1_2__n is collapsed...
Note 13707: Node step3_2_c_0_2_2__n is collapsed...
Note 13707: Node un1_wdis1_0__n is collapsed...
Note 13707: Node N_34 is collapsed...
Note 13707: Node count_i_3__n is collapsed...
Note 13707: Node step3_2_un38_c_1_i_n is collapsed...
Note 13707: Node un1_wdis2_2__n is collapsed...
Note 13707: Node step3_2_c_0_1_1__n is collapsed...
Note 13707: Node N_37 is collapsed...
Note 13707: Node N_214_1 is collapsed...
Note 13707: Node un1_wdis1_1__n is collapsed...
Note 13707: Node N_35 is collapsed...
Note 13707: Node step3_2_un35_c_i_n is collapsed...
Note 13707: Node c is collapsed...
Note 13707: Node N_328_i is collapsed...
Note 13707: Node N_224 is collapsed...
Note 13707: Node N_293_1 is collapsed...
Note 13707: Node N_325_i is collapsed...
Note 13707: Node N_24_i is collapsed...
Note 13707: Node step3_2_p_i_i_3__n is collapsed...
Note 13707: Node N_280_i is collapsed...
Note 13707: Node r_i_1__n is collapsed...
Note 13707: Node r_i_2__n is collapsed...
Note 13707: Node step3_2_p_i_i_2__n is collapsed...
Note 13707: Node step3_2_c_0_1_2__n is collapsed...
Note 13707: Node dip_i_7__n is collapsed...
Note 13707: Node N_53 is collapsed...
Note 13707: Node N_200_i is collapsed...
Note 13707: Node N_266_i_1 is collapsed...
Note 13707: Node N_210_1 is collapsed...
Note 13707: Node N_274_i_1 is collapsed...
Note 13707: Node step3_ndis_2__un0_n is collapsed...
Note 13707: Node N_314_i_1 is collapsed...
Note 13707: Node un1_wdis2_0__n is collapsed...
Note 13707: Node N_43 is collapsed...
Note 13707: Node step3_ndis_3__un1_n is collapsed...
Note 13707: Node N_322_i_1 is collapsed...
Note 13707: Node step3_2_S_1_1_ is collapsed...
Note 13707: Node un1_wdis4_i_1_4__n is collapsed...
Note 13707: Node un1_wdis1_3__n is collapsed...
Note 13707: Node un1_wdis1_6__n is collapsed...
Note 13707: Node N_352 is collapsed...
Note 13707: Node step3_2_S_1_3_ is collapsed...
Note 13707: Node N_26 is collapsed...
Note 13707: Node N_295 is collapsed...
Note 13707: Node N_222 is collapsed...
Note 13707: Node N_287_i is collapsed...
Note 13707: Node N_335_i is collapsed...
Note 13707: Node N_274_i is collapsed...
Note 13707: Node N_276_i is collapsed...
Note 13707: Node N_272_i is collapsed...
Note 13707: Node N_39 is collapsed...
Note 13707: Node N_266_i is collapsed...
Note 13707: Node N_322_i is collapsed...
Note 13707: Node N_316_i is collapsed...
Note 13707: Node N_314_i is collapsed...
Note 13707: Node N_312_i is collapsed...
Note 13707: Node N_268_i is collapsed...
Note 13707: Node N_320_i is collapsed...
Note 13707: Node N_212_1 is collapsed...
Note 13707: Node N_211_1 is collapsed...
Note 13707: Node step3_total_6_7__un1_n is collapsed...
Note 13707: Node c_0_1 is collapsed...
Note 13707: Node step3_ndis_3__un0_n is collapsed...
Note 13707: Node N_279_i is collapsed...
Note 13707: Node N_31 is collapsed...
Note 13707: Node N_326_0 is collapsed...
Note 13707: Node step3_2_S_1_2_ is collapsed...
Note 13707: Node c_0_2 is collapsed...
Note 13707: Node temp_tr_0_2_7__n is collapsed...
Note 13707: Node step3_ndis_6__un1_n is collapsed...
Note 13707: Node step3_2_un38_c_n is collapsed...
Note 13707: Node N_226 is collapsed...
Note 13707: Node step3_ndis_4__un1_n is collapsed...
Note 13707: Node step3_ndis_0__un1_n is collapsed...
Note 13707: Node step3_ndis_1__un1_n is collapsed...
Note 13707: Node N_215 is collapsed...
Note 13707: Node step3_ndis_0__un0_n is collapsed...
Note 13707: Node N_216 is collapsed...
Note 13707: Fmax mode optimizing 7 critical paths, 8 levels ...
Note 13707: Fmax mode optimizing 7 critical paths, 7 levels ...
Note 13707: Fmax mode optimizing 7 critical paths, 7 levels ...
Note 13707: Fmax mode optimizing 7 critical paths, 7 levels ...
Note 13707: Fmax mode optimizing 7 critical paths, 6 levels ...
Note 13707: Fmax mode optimizing 7 critical paths, 6 levels ...
Note 13707: Fmax mode optimizing 1 critical paths, 6 levels ...
Note 13707: Fmax mode optimizing 1 critical paths, 6 levels ...
Note 13707: Node N_379_0 is collapsed...
Note 13707: Fmax mode optimizing 7 critical paths, 5 levels ...
Note 13707: Fmax mode optimizing 7 critical paths, 5 levels ...
Note 13707: Fmax mode optimizing 6 critical paths, 5 levels ...
Note 13707: Fmax mode optimizing 6 critical paths, 5 levels ...
Note 13707: Fmax mode optimizing 6 critical paths, 4 levels ...
Note 13707: Fmax mode optimizing 6 critical paths, 4 levels ...
Note 13707: Fmax mode optimizing 6 critical paths, 4 levels ...
Note 13707: Fmax mode optimizing 6 critical paths, 4 levels ...
Note 13707: Fmax mode optimizing 6 critical paths, 4 levels ...
Note 13707: Fmax mode optimizing 6 critical paths, 4 levels ...
Note 13707: Fmax mode optimizing 6 critical paths, 3 levels ...
Note 13707: Fmax mode optimizing 6 critical paths, 3 levels ...
Note 13707: Fmax mode optimizing 6 critical paths, 3 levels ...
Note 13707: Fmax mode optimizing 6 critical paths, 3 levels ...
Note 13707: Fmax mode optimizing 2 critical paths, 3 levels ...
Note 13707: Node G_223_1 is collapsed...
Note 13707: Node step3_G_201_0_a2 is collapsed...
Note 13707: Fmax mode optimizing 1 critical paths, 3 levels ...
Note 13707: Node step3_G_206 is collapsed...
Note 13707: Fmax mode optimizing 33 critical paths, 2 levels ...
Note 13707: Fmax mode optimizing 8 critical paths, 2 levels ...
Note 13707: Fmax mode optimizing 7 critical paths, 2 levels ...
Note 13707: Fmax mode stopped. 7 critical paths, 2 levels
Note 13707: Node N_270_i is collapsed...
Note 13707: Node N_327_0 is collapsed...
Control path optimization...
Performing 'bypin choose' optimization...
................................Note    0: 
Estimated (clusters + macrocells): 157, Fmax Logic Level: 2
Note    0: Fmax mode did not meet constraint of 1 levels
Writing Open-ABEL 2 (BLIF) file lab12.bl3...
Note    0: 
BLIFOPT complete - Time 6 seconds
Done: completed successfully.

Starting: 'C:\ispLEVER_Classic1_7\ispcpld\BIN\abelvci.exe -vci lab12.lct -dev lc4k -diofft lab12.d0'

Done: completed successfully.

Starting: 'C:\ispLEVER_Classic1_7\ispcpld\BIN\mdiofft.exe lab12.bl3 -family AMDMACH -idev van -o lab12.bl4 -oxrf lab12.xrf -err automake.err @lab12.d0 -gui'

DIOFFT  Flip-Flop Transformation program
ispLEVER Classic 1.7 Copyright 1992-2013 Lattice Semiconductor. All Rights Reserved.
Input file: lab12.bl3.
Output file: lab12.bl4.
Cross reference file: lab12.xrf.

.......................................................................
.......................................................................
.......................................................................
.......................................................................
...............................
Shortening signal names...
Writing signal name cross reference file lab12.xrf... 

DIOFFT complete - Time 0 seconds
Done: completed successfully.

Starting: 'C:\ispLEVER_Classic1_7\ispcpld\BIN\abelvci.exe -vci lab12.lct -dev lc4k -prefit lab12.l0'

Done: completed successfully.

Starting: 'C:\ispLEVER_Classic1_7\ispcpld\BIN\prefit.exe -blif -inp lab12.bl4 -out lab12.bl5 -err automake.err -log lab12.log -mod lab12_top @lab12.l0 -gui -sc'

Prefit Logic Optimizer (May 31 2012)  Wed Apr 11 09:44:11 2018

C:\ispLEVER_Classic1_7\ispcpld\BIN\prefit.exe -blif -inp lab12.bl4 -out lab12.bl5 -err automake.err -log lab12.log -mod lab12_top @lab12.l0 -gui -sc 
Number of pins (IO)    :    70
Number of outputs (MC) :   132
Number of registers    :    63
Number of logic pterms :   433
C:\ispLEVER_Classic1_7\ispcpld\BIN\prefit.exe complete - Time 0 seconds

Done: completed successfully.

Starting: 'C:\ispLEVER_Classic1_7\ispcpld\BIN\lpf4k.exe @"lab12.rs2"'

<Warning>  P38466:  DYNOSCDIS and TIMERRES have the same logic.
Project 'lab12' was Fitted Successfully!

Done: completed successfully.

Starting: 'C:\ispLEVER_Classic1_7\ispcpld\BIN\tda.exe -i lab12.bl5 -o lab12.tda -lci lab12.lct -dev m4e_256_96 -family lc4k -mod lab12_top -ovec NoInput.tmv -err tda.err -gui'

TDA  - Timing Driven Analyze 
Ver. 1.0, supported by Lattice Semiconductor
ispLEVER Classic 1.7 Copyright 1992-2013 Lattice Semiconductor. All Rights Reserved.

TDA complete - Time 1 seconds
Done: completed successfully.

Starting: 'C:\ispLEVER_Classic1_7\ispcpld\BIN\synsvf.exe -exe "C:\ispLEVER_Classic1_7\ispvmsystem/ispufw" -prj lab12 -if lab12.jed -j2s -log lab12.svl -gui'

Invoke process : C:\ispLEVER_Classic1_7\ispvmsystem/ispufw -dev LC4256ZE-XXTN144 -op JPVS -if lab12.jed -oft -svf -of "W:\Lab12\lab12_epvs.svf" -lever
svf file '"W:\Lab12\lab12_epvs.svf"' is generated successfully

Invoke process : C:\ispLEVER_Classic1_7\ispvmsystem/ispufw -dev LC4256ZE-XXTN144 -op JPV -if lab12.jed -oft -svf -of "W:\Lab12\lab12_epv.svf" -lever
svf file '"W:\Lab12\lab12_epv.svf"' is generated successfully

Invoke process : C:\ispLEVER_Classic1_7\ispvmsystem/ispufw -dev LC4256ZE-XXTN144 -op JV -if lab12.jed -oft -svf -of "W:\Lab12\lab12_v.svf" -lever
svf file '"W:\Lab12\lab12_v.svf"' is generated successfully

Done: completed successfully.
