Running in Lattice mode


Starting:    C:\ispLEVER_Classic1_7\synpbase\win64\mbin\synbatch.exe
Install:     C:\ispLEVER_Classic1_7\synpbase
Date:        Wed Apr 11 09:43:52 2018
Version:     G-2012.09LC-SP1 

Arguments:   -product synplify_pro  -batch w:/lab12\lab12_top.prj
ProductType: synplify_pro






log file: "W:\lab12\lab12_top.srr"

Running lab12_top|lab12
Running Compile on lab12_top|lab12
Running Compile Process on lab12_top|lab12
Running Compile Input on lab12_top|lab12
Copied W:\lab12\synwork\lab12_top_compiler.srs to W:\lab12\lab12_top.srs
compiler Completed with warnings
Return Code: 1
Run Time:0h:00m:01s

Copied W:\lab12\lab12_top.srr to W:\lab12\lab12_top.srf
Job Compile Process completed on lab12_top|lab12
Job Compile completed on lab12_top|lab12
Running Map on lab12_top|lab12
Running Map & Optimize on lab12_top|lab12
fpga_mapper Completed
Return Code: 0
Run Time:0h:00m:01s

Job Map completed on lab12_top|lab12
Copied W:\lab12\lab12_top.srr to W:\lab12\lab12_top.srf
Job Logic Synthesis completed on lab12_top|lab12


exit status=0


